[1A44:5748][2025-06-13T13:56:46]i001: Burn v3.14.1.9323, Windows v10.0 (Build 26100: Service Pack 0), path: C:\Users\micro\AppData\Local\Temp\{2227E0A3-F92A-4869-A921-08FF6977D808}\.cr\dotnet-sdk-6.0-win-x64.exe
[1A44:5748][2025-06-13T13:56:46]i000: Initializing string variable 'DOTNETHOME' to value '[DOTNETHOME_X64]'
[1A44:5748][2025-06-13T13:56:46]i000: Initializing string variable 'BUNDLEMONIKER' to value 'Microsoft .NET SDK 6.0.428'
[1A44:5748][2025-06-13T13:56:46]i000: Initializing string variable 'DOTNETSDKVERSION' to value '6.0.428'
[1A44:5748][2025-06-13T13:56:46]i000: Initializing string variable 'DOTNETRUNTIMEVERSION' to value '6.0.36'
[1A44:5748][2025-06-13T13:56:46]i000: Initializing string variable 'ASPNETCOREVERSION' to value '6.0.36'
[1A44:5748][2025-06-13T13:56:46]i000: Initializing string variable 'WINFORMSANDWPFVERSION' to value '6.0.36'
[1A44:5748][2025-06-13T13:56:46]i000: Initializing string variable 'DOTNETHOMESIMILARITYCHECKOVERRIDE' to value ''
[1A44:5748][2025-06-13T13:56:46]i009: Command Line: '-burn.clean.room=C:\liberyus_projects\fitnco\mobile\dotnet-sdk-6.0-win-x64.exe -burn.filehandle.attached=776 -burn.filehandle.self=780 /install /quiet /log install.log'
[1A44:5748][2025-06-13T13:56:46]i000: Setting string variable 'WixBundleOriginalSource' to value 'C:\liberyus_projects\fitnco\mobile\dotnet-sdk-6.0-win-x64.exe'
[1A44:5748][2025-06-13T13:56:46]i000: Setting string variable 'WixBundleOriginalSourceFolder' to value 'C:\liberyus_projects\fitnco\mobile\'
[1A44:5748][2025-06-13T13:56:46]i000: Setting string variable 'WixBundleLog' to value 'C:\liberyus_projects\fitnco\mobile\install.log'
[1A44:5748][2025-06-13T13:56:46]i000: Setting string variable 'WixBundleName' to value 'Microsoft .NET SDK 6.0.428 (x64)'
[1A44:5748][2025-06-13T13:56:46]i000: Setting string variable 'WixBundleManufacturer' to value 'Microsoft Corporation'
[1A44:5EF0][2025-06-13T13:56:46]i000: Setting numeric variable 'WixStdBALanguageId' to value 1033
[1A44:5EF0][2025-06-13T13:56:46]i000: Setting version variable 'WixBundleFileVersion' to value '6.4.2824.52403'
[1A44:5748][2025-06-13T13:56:46]i100: Detect begin, 24 packages
[1A44:5748][2025-06-13T13:56:46]i000: Setting numeric variable 'DotnetInstallLocationExists_x64' to value 1
[1A44:5748][2025-06-13T13:56:46]i000: Setting numeric variable 'DotnetInstallLocationExists_x86' to value 1
[1A44:5748][2025-06-13T13:56:46]i052: Condition 'DotnetInstallLocationExists_x64' evaluates to true.
[1A44:5748][2025-06-13T13:56:46]i000: Setting string variable 'DOTNETHOME_X64' to value 'C:\Program Files\dotnet\'
[1A44:5748][2025-06-13T13:56:46]i052: Condition 'NOT DotnetInstallLocationExists_x64 AND NOT NativeMachine="34404"' evaluates to false.
[1A44:5748][2025-06-13T13:56:46]i052: Condition 'DotnetExeExists_alt_x64' evaluates to false.
[1A44:5748][2025-06-13T13:56:46]i052: Condition 'NOT DotnetInstallLocationExists_x64 AND (NOT NativeMachine OR NativeMachine="34404")' evaluates to false.
[1A44:5748][2025-06-13T13:56:46]i052: Condition 'DotnetExeExists_x64' evaluates to false.
[1A44:5748][2025-06-13T13:56:46]i052: Condition 'DotnetInstallLocationExists_x86' evaluates to true.
[1A44:5748][2025-06-13T13:56:46]i000: Setting string variable 'DOTNETHOME_X86' to value 'C:\Program Files (x86)\dotnet\'
[1A44:5748][2025-06-13T13:56:46]i052: Condition 'NOT DotnetInstallLocationExists_x86' evaluates to false.
[1A44:5748][2025-06-13T13:56:46]i052: Condition 'DotnetExeExists_x86' evaluates to false.
[1A44:5748][2025-06-13T13:56:46]i052: Condition 'WixBundleAction >= 3' evaluates to true.
[1A44:5748][2025-06-13T13:56:46]i101: Detected package: Finalizer, state: Present, cached: None
[1A44:5748][2025-06-13T13:56:46]i101: Detected package: dotnet_runtime_6.0.36_win_x64.msi, state: Present, cached: None
[1A44:5748][2025-06-13T13:56:46]i101: Detected package: dotnet_hostfxr_6.0.36_win_x64.msi, state: Present, cached: Complete
[1A44:5748][2025-06-13T13:56:46]i101: Detected package: dotnet_host_6.0.36_win_x64.msi, state: Present, cached: Complete
[1A44:5748][2025-06-13T13:56:46]i101: Detected package: dotnet_targeting_pack_6.0.36_win_x64.msi, state: Present, cached: None
[1A44:5748][2025-06-13T13:56:46]i101: Detected package: dotnet_apphost_pack_6.0.36_win_x64.msi, state: Present, cached: None
[1A44:5748][2025-06-13T13:56:46]i101: Detected package: dotnet_apphost_pack_6.0.36_win_x64_x86.msi, state: Present, cached: None
[1A44:5748][2025-06-13T13:56:46]i101: Detected package: dotnet_apphost_pack_6.0.36_win_x64_arm.msi, state: Present, cached: None
[1A44:5748][2025-06-13T13:56:46]i101: Detected package: dotnet_apphost_pack_6.0.36_win_x64_arm64.msi, state: Present, cached: None
[1A44:5748][2025-06-13T13:56:46]i101: Detected package: netstandard_targeting_pack_2.1.0_win_x64.msi, state: Present, cached: None
[1A44:5748][2025-06-13T13:56:46]i101: Detected package: windowsdesktop_runtime_6.0.36_win_x64.msi, state: Present, cached: None
[1A44:5748][2025-06-13T13:56:46]i101: Detected package: windowsdesktop_targeting_pack_6.0.36_win_x64.msi, state: Present, cached: None
[1A44:5748][2025-06-13T13:56:46]i101: Detected package: aspnetcore_targeting_pack_6.0.36_servicing.24516.4_win_x64.msi, state: Present, cached: None
[1A44:5748][2025-06-13T13:56:46]i101: Detected package: dotnet_60templates_6.0.428_servicing.24524.3_win_x64.msi, state: Present, cached: None
[1A44:5748][2025-06-13T13:56:46]i101: Detected package: Microsoft.NET.Sdk.Android.Manifest_6.0.300.32.0.301_x64.msi, state: Absent, cached: None
[1A44:5748][2025-06-13T13:56:46]i101: Detected package: Microsoft.NET.Sdk.iOS.Manifest_6.0.300.15.4.303_x64.msi, state: Absent, cached: Complete
[1A44:5748][2025-06-13T13:56:46]i101: Detected package: Microsoft.NET.Sdk.MacCatalyst.Manifest_6.0.300.15.4.303_x64.msi, state: Absent, cached: Complete
[1A44:5748][2025-06-13T13:56:46]i101: Detected package: Microsoft.NET.Sdk.macOS.Manifest_6.0.300.12.3.303_x64.msi, state: Absent, cached: Complete
[1A44:5748][2025-06-13T13:56:46]i101: Detected package: Microsoft.NET.Sdk.Maui.Manifest_6.0.300.6.0.312_x64.msi, state: Absent, cached: Complete
[1A44:5748][2025-06-13T13:56:46]i101: Detected package: Microsoft.NET.Sdk.tvOS.Manifest_6.0.300.15.4.303_x64.msi, state: Absent, cached: Complete
[1A44:5748][2025-06-13T13:56:46]i101: Detected package: Microsoft.NET.Workload.Mono.ToolChain.Manifest_6.0.300.6.0.5_x64.msi, state: Absent, cached: Complete
[1A44:5748][2025-06-13T13:56:46]i101: Detected package: Microsoft.NET.Workload.Emscripten.Manifest_6.0.300.6.0.36_x64.msi, state: Absent, cached: Complete
[1A44:5748][2025-06-13T13:56:46]i101: Detected package: dotnet_sdk_internal_6.0.428_win_x64.msi, state: Absent, cached: Complete
[1A44:5748][2025-06-13T13:56:46]i101: Detected package: AspNetCoreSharedFramework_x64, state: Present, cached: None
[1A44:5748][2025-06-13T13:56:46]i000: Setting string variable 'RemoveUpgradeRelatedBundle' to value 'always'
[1A44:5748][2025-06-13T13:56:46]i052: Condition 'WixBundleInstalled OR (NOT DOTNETHOME_X64 ~= DOTNETHOME_X86) OR DOTNETHOMESIMILARITYCHECKOVERRIDE' evaluates to true.
[1A44:5748][2025-06-13T13:56:46]i052: Condition 'WixBundleInstalled OR (NOT DOTNETHOME_ARM64 ~= DOTNETHOME_X86) OR DOTNETHOMESIMILARITYCHECKOVERRIDE' evaluates to true.
[1A44:5748][2025-06-13T13:56:46]i052: Condition 'WixBundleInstalled OR (NOT DOTNETHOME_ARM64 ~= DOTNETHOME_X64) OR (NOT NativeMachine="43620") OR DOTNETHOMESIMILARITYCHECKOVERRIDE' evaluates to true.
[1A44:5748][2025-06-13T13:56:46]i199: Detect complete, result: 0x0
[1A44:5748][2025-06-13T13:56:46]i200: Plan begin, 24 packages, action: Install
[1A44:5748][2025-06-13T13:56:46]i052: Condition 'WixBundleAction >= 4' evaluates to true.
[1A44:5748][2025-06-13T13:56:46]w321: Skipping dependency registration on package with no dependency providers: Finalizer
[1A44:5748][2025-06-13T13:56:46]i000: Setting string variable 'WixBundleRollbackLog_Microsoft.NET.Sdk.Android.Manifest_6.0.300.32.0.301_x64.msi' to value 'C:\liberyus_projects\fitnco\mobile\install_000_Microsoft.NET.Sdk.Android.Manifest_6.0.300.32.0.301_x64.msi_rollback.log'
[1A44:5748][2025-06-13T13:56:46]i000: Setting string variable 'WixBundleLog_Microsoft.NET.Sdk.Android.Manifest_6.0.300.32.0.301_x64.msi' to value 'C:\liberyus_projects\fitnco\mobile\install_000_Microsoft.NET.Sdk.Android.Manifest_6.0.300.32.0.301_x64.msi.log'
[1A44:5748][2025-06-13T13:56:46]i000: Setting string variable 'WixBundleRollbackLog_Microsoft.NET.Sdk.iOS.Manifest_6.0.300.15.4.303_x64.msi' to value 'C:\liberyus_projects\fitnco\mobile\install_001_Microsoft.NET.Sdk.iOS.Manifest_6.0.300.15.4.303_x64.msi_rollback.log'
[1A44:5748][2025-06-13T13:56:46]i000: Setting string variable 'WixBundleLog_Microsoft.NET.Sdk.iOS.Manifest_6.0.300.15.4.303_x64.msi' to value 'C:\liberyus_projects\fitnco\mobile\install_001_Microsoft.NET.Sdk.iOS.Manifest_6.0.300.15.4.303_x64.msi.log'
[1A44:5748][2025-06-13T13:56:46]i000: Setting string variable 'WixBundleRollbackLog_Microsoft.NET.Sdk.MacCatalyst.Manifest_6.0.300.15.4.303_x64.msi' to value 'C:\liberyus_projects\fitnco\mobile\install_002_Microsoft.NET.Sdk.MacCatalyst.Manifest_6.0.300.15.4.303_x64.msi_rollback.log'
[1A44:5748][2025-06-13T13:56:46]i000: Setting string variable 'WixBundleLog_Microsoft.NET.Sdk.MacCatalyst.Manifest_6.0.300.15.4.303_x64.msi' to value 'C:\liberyus_projects\fitnco\mobile\install_002_Microsoft.NET.Sdk.MacCatalyst.Manifest_6.0.300.15.4.303_x64.msi.log'
[1A44:5748][2025-06-13T13:56:46]i000: Setting string variable 'WixBundleRollbackLog_Microsoft.NET.Sdk.macOS.Manifest_6.0.300.12.3.303_x64.msi' to value 'C:\liberyus_projects\fitnco\mobile\install_003_Microsoft.NET.Sdk.macOS.Manifest_6.0.300.12.3.303_x64.msi_rollback.log'
[1A44:5748][2025-06-13T13:56:46]i000: Setting string variable 'WixBundleLog_Microsoft.NET.Sdk.macOS.Manifest_6.0.300.12.3.303_x64.msi' to value 'C:\liberyus_projects\fitnco\mobile\install_003_Microsoft.NET.Sdk.macOS.Manifest_6.0.300.12.3.303_x64.msi.log'
[1A44:5748][2025-06-13T13:56:46]i000: Setting string variable 'WixBundleRollbackLog_Microsoft.NET.Sdk.Maui.Manifest_6.0.300.6.0.312_x64.msi' to value 'C:\liberyus_projects\fitnco\mobile\install_004_Microsoft.NET.Sdk.Maui.Manifest_6.0.300.6.0.312_x64.msi_rollback.log'
[1A44:5748][2025-06-13T13:56:46]i000: Setting string variable 'WixBundleLog_Microsoft.NET.Sdk.Maui.Manifest_6.0.300.6.0.312_x64.msi' to value 'C:\liberyus_projects\fitnco\mobile\install_004_Microsoft.NET.Sdk.Maui.Manifest_6.0.300.6.0.312_x64.msi.log'
[1A44:5748][2025-06-13T13:56:46]i000: Setting string variable 'WixBundleRollbackLog_Microsoft.NET.Sdk.tvOS.Manifest_6.0.300.15.4.303_x64.msi' to value 'C:\liberyus_projects\fitnco\mobile\install_005_Microsoft.NET.Sdk.tvOS.Manifest_6.0.300.15.4.303_x64.msi_rollback.log'
[1A44:5748][2025-06-13T13:56:46]i000: Setting string variable 'WixBundleLog_Microsoft.NET.Sdk.tvOS.Manifest_6.0.300.15.4.303_x64.msi' to value 'C:\liberyus_projects\fitnco\mobile\install_005_Microsoft.NET.Sdk.tvOS.Manifest_6.0.300.15.4.303_x64.msi.log'
[1A44:5748][2025-06-13T13:56:46]i000: Setting string variable 'WixBundleRollbackLog_Microsoft.NET.Workload.Mono.ToolChain.Manifest_6.0.300.6.0.5_x64.msi' to value 'C:\liberyus_projects\fitnco\mobile\install_006_Microsoft.NET.Workload.Mono.ToolChain.Manifest_6.0.300.6.0.5_x64.msi_rollback.log'
[1A44:5748][2025-06-13T13:56:46]i000: Setting string variable 'WixBundleLog_Microsoft.NET.Workload.Mono.ToolChain.Manifest_6.0.300.6.0.5_x64.msi' to value 'C:\liberyus_projects\fitnco\mobile\install_006_Microsoft.NET.Workload.Mono.ToolChain.Manifest_6.0.300.6.0.5_x64.msi.log'
[1A44:5748][2025-06-13T13:56:46]i000: Setting string variable 'WixBundleRollbackLog_Microsoft.NET.Workload.Emscripten.Manifest_6.0.300.6.0.36_x64.msi' to value 'C:\liberyus_projects\fitnco\mobile\install_007_Microsoft.NET.Workload.Emscripten.Manifest_6.0.300.6.0.36_x64.msi_rollback.log'
[1A44:5748][2025-06-13T13:56:46]i000: Setting string variable 'WixBundleLog_Microsoft.NET.Workload.Emscripten.Manifest_6.0.300.6.0.36_x64.msi' to value 'C:\liberyus_projects\fitnco\mobile\install_007_Microsoft.NET.Workload.Emscripten.Manifest_6.0.300.6.0.36_x64.msi.log'
[1A44:5748][2025-06-13T13:56:46]i000: Setting string variable 'WixBundleRollbackLog_dotnet_sdk_internal_6.0.428_win_x64.msi' to value 'C:\liberyus_projects\fitnco\mobile\install_008_dotnet_sdk_internal_6.0.428_win_x64.msi_rollback.log'
[1A44:5748][2025-06-13T13:56:46]i000: Setting string variable 'WixBundleLog_dotnet_sdk_internal_6.0.428_win_x64.msi' to value 'C:\liberyus_projects\fitnco\mobile\install_008_dotnet_sdk_internal_6.0.428_win_x64.msi.log'
[1A44:5748][2025-06-13T13:56:46]i052: Condition 'VersionNT64 AND (NOT OPT_NO_SHAREDFX OR OPT_NO_SHAREDFX="0")' evaluates to true.
[1A44:5748][2025-06-13T13:56:46]i201: Planned package: Finalizer, state: Present, default requested: Present, ba requested: Present, execute: None, rollback: None, cache: Yes, uncache: No, dependency: None
[1A44:5748][2025-06-13T13:56:46]i201: Planned package: dotnet_runtime_6.0.36_win_x64.msi, state: Present, default requested: Present, ba requested: Present, execute: None, rollback: None, cache: No, uncache: No, dependency: Register
[1A44:5748][2025-06-13T13:56:46]i201: Planned package: dotnet_hostfxr_6.0.36_win_x64.msi, state: Present, default requested: Present, ba requested: Present, execute: None, rollback: None, cache: No, uncache: No, dependency: Register
[1A44:5748][2025-06-13T13:56:46]i201: Planned package: dotnet_host_6.0.36_win_x64.msi, state: Present, default requested: Present, ba requested: Present, execute: None, rollback: None, cache: No, uncache: No, dependency: Register
[1A44:5748][2025-06-13T13:56:46]i201: Planned package: dotnet_targeting_pack_6.0.36_win_x64.msi, state: Present, default requested: Present, ba requested: Present, execute: None, rollback: None, cache: No, uncache: No, dependency: Register
[1A44:5748][2025-06-13T13:56:46]i201: Planned package: dotnet_apphost_pack_6.0.36_win_x64.msi, state: Present, default requested: Present, ba requested: Present, execute: None, rollback: None, cache: No, uncache: No, dependency: Register
[1A44:5748][2025-06-13T13:56:46]i201: Planned package: dotnet_apphost_pack_6.0.36_win_x64_x86.msi, state: Present, default requested: Present, ba requested: Present, execute: None, rollback: None, cache: No, uncache: No, dependency: Register
[1A44:5748][2025-06-13T13:56:46]i201: Planned package: dotnet_apphost_pack_6.0.36_win_x64_arm.msi, state: Present, default requested: Present, ba requested: Present, execute: None, rollback: None, cache: No, uncache: No, dependency: Register
[1A44:5748][2025-06-13T13:56:46]i201: Planned package: dotnet_apphost_pack_6.0.36_win_x64_arm64.msi, state: Present, default requested: Present, ba requested: Present, execute: None, rollback: None, cache: No, uncache: No, dependency: Register
[1A44:5748][2025-06-13T13:56:46]i201: Planned package: netstandard_targeting_pack_2.1.0_win_x64.msi, state: Present, default requested: Present, ba requested: Present, execute: None, rollback: None, cache: No, uncache: No, dependency: Register
[1A44:5748][2025-06-13T13:56:46]i201: Planned package: windowsdesktop_runtime_6.0.36_win_x64.msi, state: Present, default requested: Present, ba requested: Present, execute: None, rollback: None, cache: No, uncache: No, dependency: Register
[1A44:5748][2025-06-13T13:56:46]i201: Planned package: windowsdesktop_targeting_pack_6.0.36_win_x64.msi, state: Present, default requested: Present, ba requested: Present, execute: None, rollback: None, cache: No, uncache: No, dependency: Register
[1A44:5748][2025-06-13T13:56:46]i201: Planned package: aspnetcore_targeting_pack_6.0.36_servicing.24516.4_win_x64.msi, state: Present, default requested: Present, ba requested: Present, execute: None, rollback: None, cache: No, uncache: No, dependency: Register
[1A44:5748][2025-06-13T13:56:46]i201: Planned package: dotnet_60templates_6.0.428_servicing.24524.3_win_x64.msi, state: Present, default requested: Present, ba requested: Present, execute: None, rollback: None, cache: No, uncache: No, dependency: Register
[1A44:5748][2025-06-13T13:56:46]i201: Planned package: Microsoft.NET.Sdk.Android.Manifest_6.0.300.32.0.301_x64.msi, state: Absent, default requested: Present, ba requested: Present, execute: Install, rollback: Uninstall, cache: Yes, uncache: No, dependency: Register
[1A44:5748][2025-06-13T13:56:46]i201: Planned package: Microsoft.NET.Sdk.iOS.Manifest_6.0.300.15.4.303_x64.msi, state: Absent, default requested: Present, ba requested: Present, execute: Install, rollback: Uninstall, cache: No, uncache: No, dependency: Register
[1A44:5748][2025-06-13T13:56:46]i201: Planned package: Microsoft.NET.Sdk.MacCatalyst.Manifest_6.0.300.15.4.303_x64.msi, state: Absent, default requested: Present, ba requested: Present, execute: Install, rollback: Uninstall, cache: No, uncache: No, dependency: Register
[1A44:5748][2025-06-13T13:56:46]i201: Planned package: Microsoft.NET.Sdk.macOS.Manifest_6.0.300.12.3.303_x64.msi, state: Absent, default requested: Present, ba requested: Present, execute: Install, rollback: Uninstall, cache: No, uncache: No, dependency: Register
[1A44:5748][2025-06-13T13:56:46]i201: Planned package: Microsoft.NET.Sdk.Maui.Manifest_6.0.300.6.0.312_x64.msi, state: Absent, default requested: Present, ba requested: Present, execute: Install, rollback: Uninstall, cache: No, uncache: No, dependency: Register
[1A44:5748][2025-06-13T13:56:46]i201: Planned package: Microsoft.NET.Sdk.tvOS.Manifest_6.0.300.15.4.303_x64.msi, state: Absent, default requested: Present, ba requested: Present, execute: Install, rollback: Uninstall, cache: No, uncache: No, dependency: Register
[1A44:5748][2025-06-13T13:56:46]i201: Planned package: Microsoft.NET.Workload.Mono.ToolChain.Manifest_6.0.300.6.0.5_x64.msi, state: Absent, default requested: Present, ba requested: Present, execute: Install, rollback: Uninstall, cache: No, uncache: No, dependency: Register
[1A44:5748][2025-06-13T13:56:46]i201: Planned package: Microsoft.NET.Workload.Emscripten.Manifest_6.0.300.6.0.36_x64.msi, state: Absent, default requested: Present, ba requested: Present, execute: Install, rollback: Uninstall, cache: No, uncache: No, dependency: Register
[1A44:5748][2025-06-13T13:56:46]i201: Planned package: dotnet_sdk_internal_6.0.428_win_x64.msi, state: Absent, default requested: Present, ba requested: Present, execute: Install, rollback: Uninstall, cache: No, uncache: No, dependency: Register
[1A44:5748][2025-06-13T13:56:46]i201: Planned package: AspNetCoreSharedFramework_x64, state: Present, default requested: Present, ba requested: Present, execute: None, rollback: None, cache: No, uncache: No, dependency: Register
[1A44:5748][2025-06-13T13:56:46]i299: Plan complete, result: 0x0
[1A44:5748][2025-06-13T13:56:46]i300: Apply begin
[1A44:5748][2025-06-13T13:56:46]i010: Launching elevated engine process.
[1A44:5748][2025-06-13T13:56:46]i011: Launched elevated engine process.
[1A44:5748][2025-06-13T13:56:46]i012: Connected to elevated engine.
[8858:87F4][2025-06-13T13:56:46]i358: Pausing automatic updates.
[8858:87F4][2025-06-13T13:56:46]i359: Paused automatic updates.
[8858:87F4][2025-06-13T13:56:46]i370: Session begin, registration key: SOFTWARE\Microsoft\Windows\CurrentVersion\Uninstall\{871e7ea0-9124-4bc8-919c-b9a8ba407ed6}, options: 0x7, disable resume: No
[8858:87F4][2025-06-13T13:56:46]i000: Caching bundle from: 'C:\Users\micro\AppData\Local\Temp\{F8539DC8-EF8C-4330-A270-F2547A8F209C}\.be\dotnet-sdk-6.0.428-win-x64.exe' to: 'C:\ProgramData\Package Cache\{871e7ea0-9124-4bc8-919c-b9a8ba407ed6}\dotnet-sdk-6.0.428-win-x64.exe'
[8858:87F4][2025-06-13T13:56:46]i320: Registering bundle dependency provider: {871e7ea0-9124-4bc8-919c-b9a8ba407ed6}, version: 6.4.2824.52403
[8858:87F4][2025-06-13T13:56:46]i371: Updating session, registration key: SOFTWARE\Microsoft\Windows\CurrentVersion\Uninstall\{871e7ea0-9124-4bc8-919c-b9a8ba407ed6}, resume: Active, restart initiated: No, disable resume: No
[8858:6790][2025-06-13T13:56:47]i305: Verified acquired payload: Finalizer at path: C:\ProgramData\Package Cache\.unverified\Finalizer, moving to: C:\ProgramData\Package Cache\D1C8582115FC0B79532C8CB398BB99E0621C796A\finalizer.exe.
[8858:87F4][2025-06-13T13:56:47]i325: Registering dependency: {871e7ea0-9124-4bc8-919c-b9a8ba407ed6} on package provider: dotnet_runtime_48.144.23141_x64, package: dotnet_runtime_6.0.36_win_x64.msi
[8858:87F4][2025-06-13T13:56:47]i325: Registering dependency: {871e7ea0-9124-4bc8-919c-b9a8ba407ed6} on package provider: Dotnet_CLI_HostFxr_48.144.23141_x64, package: dotnet_hostfxr_6.0.36_win_x64.msi
[8858:87F4][2025-06-13T13:56:47]i325: Registering dependency: {871e7ea0-9124-4bc8-919c-b9a8ba407ed6} on package provider: Dotnet_CLI_SharedHost_48.3.31210_x64, package: dotnet_host_6.0.36_win_x64.msi
[8858:87F4][2025-06-13T13:56:47]i325: Registering dependency: {871e7ea0-9124-4bc8-919c-b9a8ba407ed6} on package provider: dotnet_targeting_pack_48.144.23141_x64, package: dotnet_targeting_pack_6.0.36_win_x64.msi
[8858:87F4][2025-06-13T13:56:47]i325: Registering dependency: {871e7ea0-9124-4bc8-919c-b9a8ba407ed6} on package provider: dotnet_apphost_pack_48.144.23141_x64, package: dotnet_apphost_pack_6.0.36_win_x64.msi
[8858:87F4][2025-06-13T13:56:47]i325: Registering dependency: {871e7ea0-9124-4bc8-919c-b9a8ba407ed6} on package provider: dotnet_apphost_pack_48.144.23141_x64_x86, package: dotnet_apphost_pack_6.0.36_win_x64_x86.msi
[8858:87F4][2025-06-13T13:56:47]i325: Registering dependency: {871e7ea0-9124-4bc8-919c-b9a8ba407ed6} on package provider: dotnet_apphost_pack_48.144.23141_x64_arm, package: dotnet_apphost_pack_6.0.36_win_x64_arm.msi
[8858:87F4][2025-06-13T13:56:47]i325: Registering dependency: {871e7ea0-9124-4bc8-919c-b9a8ba407ed6} on package provider: dotnet_apphost_pack_48.144.23141_x64_arm64, package: dotnet_apphost_pack_6.0.36_win_x64_arm64.msi
[8858:87F4][2025-06-13T13:56:47]i325: Registering dependency: {871e7ea0-9124-4bc8-919c-b9a8ba407ed6} on package provider: netstandard_targeting_pack_24.0.28113_x64, package: netstandard_targeting_pack_2.1.0_win_x64.msi
[8858:87F4][2025-06-13T13:56:47]i325: Registering dependency: {871e7ea0-9124-4bc8-919c-b9a8ba407ed6} on package provider: windowsdesktop_runtime_48.144.23186_x64, package: windowsdesktop_runtime_6.0.36_win_x64.msi
[8858:87F4][2025-06-13T13:56:47]i325: Registering dependency: {871e7ea0-9124-4bc8-919c-b9a8ba407ed6} on package provider: windowsdesktop_targeting_pack_48.144.23186_x64, package: windowsdesktop_targeting_pack_6.0.36_win_x64.msi
[8858:87F4][2025-06-13T13:56:47]i325: Registering dependency: {871e7ea0-9124-4bc8-919c-b9a8ba407ed6} on package provider: Microsoft.AspNetCore.TargetingPack_x64_en_US.UTF-8,v6.0.36-servicing.24516.4, package: aspnetcore_targeting_pack_6.0.36_servicing.24516.4_win_x64.msi
[8858:87F4][2025-06-13T13:56:47]i325: Registering dependency: {871e7ea0-9124-4bc8-919c-b9a8ba407ed6} on package provider: NetCore_Templates_6.0_24.9.28115_x64, package: dotnet_60templates_6.0.428_servicing.24524.3_win_x64.msi
[8858:6790][2025-06-13T13:56:47]i305: Verified acquired payload: Microsoft.NET.Sdk.Android.Manifest_6.0.300.32.0.301_x64.msi at path: C:\ProgramData\Package Cache\.unverified\Microsoft.NET.Sdk.Android.Manifest_6.0.300.32.0.301_x64.msi, moving to: C:\ProgramData\Package Cache\{F4E591C2-810D-4D36-B4F9-DC55103019D1}v128.75.16384\Microsoft.NET.Sdk.Android.Manifest-6.0.300.32.0.301-x64.msi.
[8858:87F4][2025-06-13T13:56:47]i301: Applying execute package: Microsoft.NET.Sdk.Android.Manifest_6.0.300.32.0.301_x64.msi, action: Install, path: C:\ProgramData\Package Cache\{F4E591C2-810D-4D36-B4F9-DC55103019D1}v128.75.16384\Microsoft.NET.Sdk.Android.Manifest-6.0.300.32.0.301-x64.msi, arguments: ' ARPSYSTEMCOMPONENT="1" MSIFASTINSTALL="7" DOTNETHOME="C:\Program Files\dotnet\"'
[8858:6790][2025-06-13T13:56:47]i304: Verified existing payload: Microsoft.NET.Sdk.iOS.Manifest_6.0.300.15.4.303_x64.msi at path: C:\ProgramData\Package Cache\{BBA9C60D-75E7-44EE-922D-069AA85C8EC1}v125.191.42208\Microsoft.NET.Sdk.iOS.Manifest-6.0.300.15.4.303-x64.msi.
[8858:6790][2025-06-13T13:56:47]i304: Verified existing payload: Microsoft.NET.Sdk.MacCatalyst.Manifest_6.0.300.15.4.303_x64.msi at path: C:\ProgramData\Package Cache\{FEB76EC8-02F4-46E6-8031-BE403766D13A}v125.191.42208\Microsoft.NET.Sdk.MacCatalyst.Manifest-6.0.300.15.4.303-x64.msi.
[8858:6790][2025-06-13T13:56:47]i304: Verified existing payload: Microsoft.NET.Sdk.macOS.Manifest_6.0.300.12.3.303_x64.msi at path: C:\ProgramData\Package Cache\{F590F859-2F6A-4559-9D09-A8FC442AF16B}v100.255.42208\Microsoft.NET.Sdk.macOS.Manifest-6.0.300.12.3.303-x64.msi.
[8858:6790][2025-06-13T13:56:47]i304: Verified existing payload: Microsoft.NET.Sdk.Maui.Manifest_6.0.300.6.0.312_x64.msi at path: C:\ProgramData\Package Cache\{C2863251-07E7-44A0-B2F8-4C4E2AF08937}v24.78.0\Microsoft.NET.Sdk.Maui.Manifest-6.0.300.6.0.312-x64.msi.
[8858:6790][2025-06-13T13:56:47]i304: Verified existing payload: Microsoft.NET.Sdk.tvOS.Manifest_6.0.300.15.4.303_x64.msi at path: C:\ProgramData\Package Cache\{69B1631F-5F98-4C6C-B757-46B0ECC8EDBB}v125.191.42208\Microsoft.NET.Sdk.tvOS.Manifest-6.0.300.15.4.303-x64.msi.
[8858:6790][2025-06-13T13:56:47]i304: Verified existing payload: Microsoft.NET.Workload.Mono.ToolChain.Manifest_6.0.300.6.0.5_x64.msi at path: C:\ProgramData\Package Cache\{DBB48387-294D-4179-81CB-B06A97F8CD8E}v48.3.40665\Microsoft.NET.Workload.Mono.ToolChain.Manifest-6.0.300.6.0.5-x64.msi.
[8858:6790][2025-06-13T13:56:47]i304: Verified existing payload: Microsoft.NET.Workload.Emscripten.Manifest_6.0.300.6.0.36_x64.msi at path: C:\ProgramData\Package Cache\{A4DBB031-7884-4AFC-9E74-219837D6C1ED}v48.144.23281\Microsoft.NET.Workload.Emscripten.Manifest-6.0.300.6.0.36-x64.msi.
[8858:6790][2025-06-13T13:56:47]i304: Verified existing payload: dotnet_sdk_internal_6.0.428_win_x64.msi at path: C:\ProgramData\Package Cache\{336FE300-4E1A-4A3C-98F1-794977FB08FE}v24.15.28115\dotnet-sdk-internal-6.0.428-win-x64.msi.
[1A44:5748][2025-06-13T13:56:47]i319: Applied execute package: Microsoft.NET.Sdk.Android.Manifest_6.0.300.32.0.301_x64.msi, result: 0x0, restart: None
[8858:87F4][2025-06-13T13:56:47]i325: Registering dependency: {871e7ea0-9124-4bc8-919c-b9a8ba407ed6} on package provider: Microsoft.NET.Sdk.Android,6.0.300,x64, package: Microsoft.NET.Sdk.Android.Manifest_6.0.300.32.0.301_x64.msi
[8858:87F4][2025-06-13T13:56:47]i301: Applying execute package: Microsoft.NET.Sdk.iOS.Manifest_6.0.300.15.4.303_x64.msi, action: Install, path: C:\ProgramData\Package Cache\{BBA9C60D-75E7-44EE-922D-069AA85C8EC1}v125.191.42208\Microsoft.NET.Sdk.iOS.Manifest-6.0.300.15.4.303-x64.msi, arguments: ' ARPSYSTEMCOMPONENT="1" MSIFASTINSTALL="7" DOTNETHOME="C:\Program Files\dotnet\"'
[1A44:5748][2025-06-13T13:56:48]i319: Applied execute package: Microsoft.NET.Sdk.iOS.Manifest_6.0.300.15.4.303_x64.msi, result: 0x0, restart: None
[8858:87F4][2025-06-13T13:56:48]i325: Registering dependency: {871e7ea0-9124-4bc8-919c-b9a8ba407ed6} on package provider: Microsoft.NET.Sdk.iOS,6.0.300,x64, package: Microsoft.NET.Sdk.iOS.Manifest_6.0.300.15.4.303_x64.msi
[8858:87F4][2025-06-13T13:56:48]i301: Applying execute package: Microsoft.NET.Sdk.MacCatalyst.Manifest_6.0.300.15.4.303_x64.msi, action: Install, path: C:\ProgramData\Package Cache\{FEB76EC8-02F4-46E6-8031-BE403766D13A}v125.191.42208\Microsoft.NET.Sdk.MacCatalyst.Manifest-6.0.300.15.4.303-x64.msi, arguments: ' ARPSYSTEMCOMPONENT="1" MSIFASTINSTALL="7" DOTNETHOME="C:\Program Files\dotnet\"'
[1A44:5748][2025-06-13T13:56:48]i319: Applied execute package: Microsoft.NET.Sdk.MacCatalyst.Manifest_6.0.300.15.4.303_x64.msi, result: 0x0, restart: None
[8858:87F4][2025-06-13T13:56:48]i325: Registering dependency: {871e7ea0-9124-4bc8-919c-b9a8ba407ed6} on package provider: Microsoft.NET.Sdk.MacCatalyst,6.0.300,x64, package: Microsoft.NET.Sdk.MacCatalyst.Manifest_6.0.300.15.4.303_x64.msi
[8858:87F4][2025-06-13T13:56:48]i301: Applying execute package: Microsoft.NET.Sdk.macOS.Manifest_6.0.300.12.3.303_x64.msi, action: Install, path: C:\ProgramData\Package Cache\{F590F859-2F6A-4559-9D09-A8FC442AF16B}v100.255.42208\Microsoft.NET.Sdk.macOS.Manifest-6.0.300.12.3.303-x64.msi, arguments: ' ARPSYSTEMCOMPONENT="1" MSIFASTINSTALL="7" DOTNETHOME="C:\Program Files\dotnet\"'
[1A44:5748][2025-06-13T13:56:48]i319: Applied execute package: Microsoft.NET.Sdk.macOS.Manifest_6.0.300.12.3.303_x64.msi, result: 0x0, restart: None
[8858:87F4][2025-06-13T13:56:48]i325: Registering dependency: {871e7ea0-9124-4bc8-919c-b9a8ba407ed6} on package provider: Microsoft.NET.Sdk.macOS,6.0.300,x64, package: Microsoft.NET.Sdk.macOS.Manifest_6.0.300.12.3.303_x64.msi
[8858:87F4][2025-06-13T13:56:48]i301: Applying execute package: Microsoft.NET.Sdk.Maui.Manifest_6.0.300.6.0.312_x64.msi, action: Install, path: C:\ProgramData\Package Cache\{C2863251-07E7-44A0-B2F8-4C4E2AF08937}v24.78.0\Microsoft.NET.Sdk.Maui.Manifest-6.0.300.6.0.312-x64.msi, arguments: ' ARPSYSTEMCOMPONENT="1" MSIFASTINSTALL="7" DOTNETHOME="C:\Program Files\dotnet\"'
[1A44:5748][2025-06-13T13:56:49]i319: Applied execute package: Microsoft.NET.Sdk.Maui.Manifest_6.0.300.6.0.312_x64.msi, result: 0x0, restart: None
[8858:87F4][2025-06-13T13:56:49]i325: Registering dependency: {871e7ea0-9124-4bc8-919c-b9a8ba407ed6} on package provider: Microsoft.NET.Sdk.Maui,6.0.300,x64, package: Microsoft.NET.Sdk.Maui.Manifest_6.0.300.6.0.312_x64.msi
[8858:87F4][2025-06-13T13:56:49]i301: Applying execute package: Microsoft.NET.Sdk.tvOS.Manifest_6.0.300.15.4.303_x64.msi, action: Install, path: C:\ProgramData\Package Cache\{69B1631F-5F98-4C6C-B757-46B0ECC8EDBB}v125.191.42208\Microsoft.NET.Sdk.tvOS.Manifest-6.0.300.15.4.303-x64.msi, arguments: ' ARPSYSTEMCOMPONENT="1" MSIFASTINSTALL="7" DOTNETHOME="C:\Program Files\dotnet\"'
[1A44:5748][2025-06-13T13:56:49]i319: Applied execute package: Microsoft.NET.Sdk.tvOS.Manifest_6.0.300.15.4.303_x64.msi, result: 0x0, restart: None
[8858:87F4][2025-06-13T13:56:49]i325: Registering dependency: {871e7ea0-9124-4bc8-919c-b9a8ba407ed6} on package provider: Microsoft.NET.Sdk.tvOS,6.0.300,x64, package: Microsoft.NET.Sdk.tvOS.Manifest_6.0.300.15.4.303_x64.msi
[8858:87F4][2025-06-13T13:56:49]i301: Applying execute package: Microsoft.NET.Workload.Mono.ToolChain.Manifest_6.0.300.6.0.5_x64.msi, action: Install, path: C:\ProgramData\Package Cache\{DBB48387-294D-4179-81CB-B06A97F8CD8E}v48.3.40665\Microsoft.NET.Workload.Mono.ToolChain.Manifest-6.0.300.6.0.5-x64.msi, arguments: ' ARPSYSTEMCOMPONENT="1" MSIFASTINSTALL="7" DOTNETHOME="C:\Program Files\dotnet\"'
[1A44:5748][2025-06-13T13:56:49]i319: Applied execute package: Microsoft.NET.Workload.Mono.ToolChain.Manifest_6.0.300.6.0.5_x64.msi, result: 0x0, restart: None
[8858:87F4][2025-06-13T13:56:49]i325: Registering dependency: {871e7ea0-9124-4bc8-919c-b9a8ba407ed6} on package provider: Microsoft.NET.Workload.Mono.ToolChain,6.0.300,x64, package: Microsoft.NET.Workload.Mono.ToolChain.Manifest_6.0.300.6.0.5_x64.msi
[8858:87F4][2025-06-13T13:56:49]i301: Applying execute package: Microsoft.NET.Workload.Emscripten.Manifest_6.0.300.6.0.36_x64.msi, action: Install, path: C:\ProgramData\Package Cache\{A4DBB031-7884-4AFC-9E74-219837D6C1ED}v48.144.23281\Microsoft.NET.Workload.Emscripten.Manifest-6.0.300.6.0.36-x64.msi, arguments: ' ARPSYSTEMCOMPONENT="1" MSIFASTINSTALL="7" DOTNETHOME="C:\Program Files\dotnet\"'
[1A44:5748][2025-06-13T13:56:50]i319: Applied execute package: Microsoft.NET.Workload.Emscripten.Manifest_6.0.300.6.0.36_x64.msi, result: 0x0, restart: None
[8858:87F4][2025-06-13T13:56:50]i325: Registering dependency: {871e7ea0-9124-4bc8-919c-b9a8ba407ed6} on package provider: Microsoft.NET.Workload.Emscripten,6.0.300,x64, package: Microsoft.NET.Workload.Emscripten.Manifest_6.0.300.6.0.36_x64.msi
[8858:87F4][2025-06-13T13:56:50]i301: Applying execute package: dotnet_sdk_internal_6.0.428_win_x64.msi, action: Install, path: C:\ProgramData\Package Cache\{336FE300-4E1A-4A3C-98F1-794977FB08FE}v24.15.28115\dotnet-sdk-internal-6.0.428-win-x64.msi, arguments: ' ARPSYSTEMCOMPONENT="1" DOTNETHOME="C:\Program Files\dotnet\" EXEFULLPATH="C:\liberyus_projects\fitnco\mobile\dotnet-sdk-6.0-win-x64.exe" ALLOWMSIINSTALL="True"'
[1A44:5748][2025-06-13T13:57:16]i319: Applied execute package: dotnet_sdk_internal_6.0.428_win_x64.msi, result: 0x0, restart: None
[8858:87F4][2025-06-13T13:57:16]i325: Registering dependency: {871e7ea0-9124-4bc8-919c-b9a8ba407ed6} on package provider: Dotnet_CLI_6.4.2824.52403_x64, package: dotnet_sdk_internal_6.0.428_win_x64.msi
[8858:87F4][2025-06-13T13:57:16]i325: Registering dependency: {871e7ea0-9124-4bc8-919c-b9a8ba407ed6} on package provider: Microsoft.AspNetCore.SharedFramework_x64_en_US.UTF-8,v6.0.36-servicing.24516.4, package: AspNetCoreSharedFramework_x64
[8858:87F4][2025-06-13T13:57:16]i372: Session end, registration key: SOFTWARE\Microsoft\Windows\CurrentVersion\Uninstall\{871e7ea0-9124-4bc8-919c-b9a8ba407ed6}, resume: ARP, restart: None, disable resume: No
[8858:87F4][2025-06-13T13:57:16]i371: Updating session, registration key: SOFTWARE\Microsoft\Windows\CurrentVersion\Uninstall\{871e7ea0-9124-4bc8-919c-b9a8ba407ed6}, resume: ARP, restart initiated: No, disable resume: No
[1A44:5748][2025-06-13T13:57:16]i399: Apply complete, result: 0x0, restart: None, ba requested restart:  No
[1A44:5748][2025-06-13T13:57:16]i500: Shutting down, exit code: 0x0
[1A44:5748][2025-06-13T13:57:16]i410: Variable: ASPNETCOREVERSION = 6.0.36
[1A44:5748][2025-06-13T13:57:16]i410: Variable: BUNDLEMONIKER = Microsoft .NET SDK 6.0.428
[1A44:5748][2025-06-13T13:57:16]i410: Variable: DOTNETHOME = C:\Program Files\dotnet\
[1A44:5748][2025-06-13T13:57:16]i410: Variable: DOTNETHOME_X64 = C:\Program Files\dotnet\
[1A44:5748][2025-06-13T13:57:16]i410: Variable: DOTNETHOME_X86 = C:\Program Files (x86)\dotnet\
[1A44:5748][2025-06-13T13:57:16]i410: Variable: DOTNETHOMESIMILARITYCHECKOVERRIDE = 
[1A44:5748][2025-06-13T13:57:16]i410: Variable: DotnetInstallLocationExists_x64 = 1
[1A44:5748][2025-06-13T13:57:16]i410: Variable: DotnetInstallLocationExists_x86 = 1
[1A44:5748][2025-06-13T13:57:16]i410: Variable: DOTNETRUNTIMEVERSION = 6.0.36
[1A44:5748][2025-06-13T13:57:16]i410: Variable: DOTNETSDKVERSION = 6.0.428
[1A44:5748][2025-06-13T13:57:16]i410: Variable: NativeMachine = 34404
[1A44:5748][2025-06-13T13:57:16]i410: Variable: RemoveUpgradeRelatedBundle = always
[1A44:5748][2025-06-13T13:57:16]i410: Variable: VersionNT64 = 10.0.0.0
[1A44:5748][2025-06-13T13:57:16]i410: Variable: WINFORMSANDWPFVERSION = 6.0.36
[1A44:5748][2025-06-13T13:57:16]i410: Variable: WixBundleAction = 5
[1A44:5748][2025-06-13T13:57:16]i410: Variable: WixBundleElevated = 1
[1A44:5748][2025-06-13T13:57:16]i410: Variable: WixBundleFileVersion = 6.4.2824.52403
[1A44:5748][2025-06-13T13:57:16]i410: Variable: WixBundleInstalled = 0
[1A44:5748][2025-06-13T13:57:16]i410: Variable: WixBundleLog = C:\liberyus_projects\fitnco\mobile\install.log
[1A44:5748][2025-06-13T13:57:16]i410: Variable: WixBundleLog_dotnet_sdk_internal_6.0.428_win_x64.msi = C:\liberyus_projects\fitnco\mobile\install_008_dotnet_sdk_internal_6.0.428_win_x64.msi.log
[1A44:5748][2025-06-13T13:57:16]i410: Variable: WixBundleLog_Microsoft.NET.Sdk.Android.Manifest_6.0.300.32.0.301_x64.msi = C:\liberyus_projects\fitnco\mobile\install_000_Microsoft.NET.Sdk.Android.Manifest_6.0.300.32.0.301_x64.msi.log
[1A44:5748][2025-06-13T13:57:16]i410: Variable: WixBundleLog_Microsoft.NET.Sdk.iOS.Manifest_6.0.300.15.4.303_x64.msi = C:\liberyus_projects\fitnco\mobile\install_001_Microsoft.NET.Sdk.iOS.Manifest_6.0.300.15.4.303_x64.msi.log
[1A44:5748][2025-06-13T13:57:16]i410: Variable: WixBundleLog_Microsoft.NET.Sdk.MacCatalyst.Manifest_6.0.300.15.4.303_x64.msi = C:\liberyus_projects\fitnco\mobile\install_002_Microsoft.NET.Sdk.MacCatalyst.Manifest_6.0.300.15.4.303_x64.msi.log
[1A44:5748][2025-06-13T13:57:16]i410: Variable: WixBundleLog_Microsoft.NET.Sdk.macOS.Manifest_6.0.300.12.3.303_x64.msi = C:\liberyus_projects\fitnco\mobile\install_003_Microsoft.NET.Sdk.macOS.Manifest_6.0.300.12.3.303_x64.msi.log
[1A44:5748][2025-06-13T13:57:16]i410: Variable: WixBundleLog_Microsoft.NET.Sdk.Maui.Manifest_6.0.300.6.0.312_x64.msi = C:\liberyus_projects\fitnco\mobile\install_004_Microsoft.NET.Sdk.Maui.Manifest_6.0.300.6.0.312_x64.msi.log
[1A44:5748][2025-06-13T13:57:16]i410: Variable: WixBundleLog_Microsoft.NET.Sdk.tvOS.Manifest_6.0.300.15.4.303_x64.msi = C:\liberyus_projects\fitnco\mobile\install_005_Microsoft.NET.Sdk.tvOS.Manifest_6.0.300.15.4.303_x64.msi.log
[1A44:5748][2025-06-13T13:57:16]i410: Variable: WixBundleLog_Microsoft.NET.Workload.Emscripten.Manifest_6.0.300.6.0.36_x64.msi = C:\liberyus_projects\fitnco\mobile\install_007_Microsoft.NET.Workload.Emscripten.Manifest_6.0.300.6.0.36_x64.msi.log
[1A44:5748][2025-06-13T13:57:16]i410: Variable: WixBundleLog_Microsoft.NET.Workload.Mono.ToolChain.Manifest_6.0.300.6.0.5_x64.msi = C:\liberyus_projects\fitnco\mobile\install_006_Microsoft.NET.Workload.Mono.ToolChain.Manifest_6.0.300.6.0.5_x64.msi.log
[1A44:5748][2025-06-13T13:57:16]i410: Variable: WixBundleManufacturer = Microsoft Corporation
[1A44:5748][2025-06-13T13:57:16]i410: Variable: WixBundleName = Microsoft .NET SDK 6.0.428 (x64)
[1A44:5748][2025-06-13T13:57:16]i410: Variable: WixBundleOriginalSource = C:\liberyus_projects\fitnco\mobile\dotnet-sdk-6.0-win-x64.exe
[1A44:5748][2025-06-13T13:57:16]i410: Variable: WixBundleOriginalSourceFolder = C:\liberyus_projects\fitnco\mobile\
[1A44:5748][2025-06-13T13:57:16]i410: Variable: WixBundleProviderKey = {871e7ea0-9124-4bc8-919c-b9a8ba407ed6}
[1A44:5748][2025-06-13T13:57:16]i410: Variable: WixBundleRollbackLog_dotnet_sdk_internal_6.0.428_win_x64.msi = C:\liberyus_projects\fitnco\mobile\install_008_dotnet_sdk_internal_6.0.428_win_x64.msi_rollback.log
[1A44:5748][2025-06-13T13:57:16]i410: Variable: WixBundleRollbackLog_Microsoft.NET.Sdk.Android.Manifest_6.0.300.32.0.301_x64.msi = C:\liberyus_projects\fitnco\mobile\install_000_Microsoft.NET.Sdk.Android.Manifest_6.0.300.32.0.301_x64.msi_rollback.log
[1A44:5748][2025-06-13T13:57:16]i410: Variable: WixBundleRollbackLog_Microsoft.NET.Sdk.iOS.Manifest_6.0.300.15.4.303_x64.msi = C:\liberyus_projects\fitnco\mobile\install_001_Microsoft.NET.Sdk.iOS.Manifest_6.0.300.15.4.303_x64.msi_rollback.log
[1A44:5748][2025-06-13T13:57:16]i410: Variable: WixBundleRollbackLog_Microsoft.NET.Sdk.MacCatalyst.Manifest_6.0.300.15.4.303_x64.msi = C:\liberyus_projects\fitnco\mobile\install_002_Microsoft.NET.Sdk.MacCatalyst.Manifest_6.0.300.15.4.303_x64.msi_rollback.log
[1A44:5748][2025-06-13T13:57:16]i410: Variable: WixBundleRollbackLog_Microsoft.NET.Sdk.macOS.Manifest_6.0.300.12.3.303_x64.msi = C:\liberyus_projects\fitnco\mobile\install_003_Microsoft.NET.Sdk.macOS.Manifest_6.0.300.12.3.303_x64.msi_rollback.log
[1A44:5748][2025-06-13T13:57:16]i410: Variable: WixBundleRollbackLog_Microsoft.NET.Sdk.Maui.Manifest_6.0.300.6.0.312_x64.msi = C:\liberyus_projects\fitnco\mobile\install_004_Microsoft.NET.Sdk.Maui.Manifest_6.0.300.6.0.312_x64.msi_rollback.log
[1A44:5748][2025-06-13T13:57:16]i410: Variable: WixBundleRollbackLog_Microsoft.NET.Sdk.tvOS.Manifest_6.0.300.15.4.303_x64.msi = C:\liberyus_projects\fitnco\mobile\install_005_Microsoft.NET.Sdk.tvOS.Manifest_6.0.300.15.4.303_x64.msi_rollback.log
[1A44:5748][2025-06-13T13:57:16]i410: Variable: WixBundleRollbackLog_Microsoft.NET.Workload.Emscripten.Manifest_6.0.300.6.0.36_x64.msi = C:\liberyus_projects\fitnco\mobile\install_007_Microsoft.NET.Workload.Emscripten.Manifest_6.0.300.6.0.36_x64.msi_rollback.log
[1A44:5748][2025-06-13T13:57:16]i410: Variable: WixBundleRollbackLog_Microsoft.NET.Workload.Mono.ToolChain.Manifest_6.0.300.6.0.5_x64.msi = C:\liberyus_projects\fitnco\mobile\install_006_Microsoft.NET.Workload.Mono.ToolChain.Manifest_6.0.300.6.0.5_x64.msi_rollback.log
[1A44:5748][2025-06-13T13:57:16]i410: Variable: WixBundleSourceProcessFolder = C:\liberyus_projects\fitnco\mobile\
[1A44:5748][2025-06-13T13:57:16]i410: Variable: WixBundleSourceProcessPath = C:\liberyus_projects\fitnco\mobile\dotnet-sdk-6.0-win-x64.exe
[1A44:5748][2025-06-13T13:57:16]i410: Variable: WixBundleTag = 
[1A44:5748][2025-06-13T13:57:16]i410: Variable: WixBundleUILevel = 2
[1A44:5748][2025-06-13T13:57:16]i410: Variable: WixBundleVersion = 6.4.2824.52403
[1A44:5748][2025-06-13T13:57:16]i410: Variable: WixStdBALanguageId = 1033
[1A44:5748][2025-06-13T13:57:16]i007: Exit code: 0x0, restarting: No
